e:\vs\视频案例\easyx\学生成绩管理系统\学生成绩管理系统\学生成绩管理系统\x64\debug\vc143.pdb
e:\vs\视频案例\easyx\学生成绩管理系统\学生成绩管理系统\学生成绩管理系统\x64\debug\vc143.idb
e:\vs\视频案例\easyx\学生成绩管理系统\学生成绩管理系统\学生成绩管理系统\x64\debug\window.obj
e:\vs\视频案例\easyx\学生成绩管理系统\学生成绩管理系统\学生成绩管理系统\x64\debug\main_.obj
e:\vs\视频案例\easyx\学生成绩管理系统\学生成绩管理系统\学生成绩管理系统\x64\debug\management.obj
e:\vs\视频案例\easyx\学生成绩管理系统\学生成绩管理系统\学生成绩管理系统\x64\debug\basicwidget.obj
e:\vs\视频案例\easyx\学生成绩管理系统\学生成绩管理系统\学生成绩管理系统\x64\debug\pushbutton.obj
e:\vs\视频案例\easyx\学生成绩管理系统\学生成绩管理系统\学生成绩管理系统\x64\debug\student.obj
e:\vs\视频案例\easyx\学生成绩管理系统\学生成绩管理系统\学生成绩管理系统\x64\debug\table.obj
e:\vs\视频案例\easyx\学生成绩管理系统\学生成绩管理系统\x64\debug\学生成绩管理系统.exe
e:\vs\视频案例\easyx\学生成绩管理系统\学生成绩管理系统\x64\debug\学生成绩管理系统.pdb
e:\vs\视频案例\easyx\学生成绩管理系统\学生成绩管理系统\学生成绩管理系统\x64\debug\学生成绩管理系统.ilk
e:\vs\视频案例\easyx\学生成绩管理系统\学生成绩管理系统\学生成绩管理系统\x64\debug\学生成绩管理系统.tlog\cl.command.1.tlog
e:\vs\视频案例\easyx\学生成绩管理系统\学生成绩管理系统\学生成绩管理系统\x64\debug\学生成绩管理系统.tlog\cl.items.tlog
e:\vs\视频案例\easyx\学生成绩管理系统\学生成绩管理系统\学生成绩管理系统\x64\debug\学生成绩管理系统.tlog\cl.read.1.tlog
e:\vs\视频案例\easyx\学生成绩管理系统\学生成绩管理系统\学生成绩管理系统\x64\debug\学生成绩管理系统.tlog\cl.write.1.tlog
e:\vs\视频案例\easyx\学生成绩管理系统\学生成绩管理系统\学生成绩管理系统\x64\debug\学生成绩管理系统.tlog\link.command.1.tlog
e:\vs\视频案例\easyx\学生成绩管理系统\学生成绩管理系统\学生成绩管理系统\x64\debug\学生成绩管理系统.tlog\link.read.1.tlog
e:\vs\视频案例\easyx\学生成绩管理系统\学生成绩管理系统\学生成绩管理系统\x64\debug\学生成绩管理系统.tlog\link.secondary.1.tlog
e:\vs\视频案例\easyx\学生成绩管理系统\学生成绩管理系统\学生成绩管理系统\x64\debug\学生成绩管理系统.tlog\link.write.1.tlog
